e:\sourcecode\gmf\mediaffplugin\debug\vc140.pdb
e:\sourcecode\gmf\mediaffplugin\debug\vc140.idb
e:\sourcecode\gmf\mediaffplugin\debug\ffaacencoder.obj
e:\sourcecode\gmf\mediaffplugin\debug\ffstreamingsrc.obj
e:\sourcecode\gmf\mediaffplugin\debug\ffmpegplugin.obj
e:\sourcecode\gmf\mediaffplugin\debug\ffaudiodecoder.obj
e:\sourcecode\gmf\mediaffplugin\debug\ffaudioresample.obj
e:\sourcecode\gmf\mediaffplugin\debug\ffcameracapture.obj
e:\sourcecode\gmf\mediaffplugin\debug\ffcomplexfilter.obj
e:\sourcecode\gmf\mediaffplugin\debug\ffmediastorage.obj
e:\sourcecode\gmf\mediaffplugin\debug\ffrtspserver.obj
e:\sourcecode\gmf\mediaffplugin\debug\ffscreencapture.obj
e:\sourcecode\gmf\mediaffplugin\debug\ffsimplefilter.obj
e:\sourcecode\gmf\mediaffplugin\debug\ffh264encoder.obj
e:\sourcecode\gmf\mediaffplugin\debug\ffvideodecoder.obj
e:\sourcecode\gmf\mediaffplugin\debug\ffvideoscaler.obj
e:\sourcecode\gmf\debug\plugins\mediaffplugin.ilk
e:\sourcecode\gmf\debug\plugins\mediaffplugin.dll
e:\sourcecode\gmf\debug\plugins\mediaffplugin.pdb
e:\sourcecode\gmf\debug\plugins\mediaffplugin.lib
e:\sourcecode\gmf\debug\plugins\mediaffplugin.exp
e:\sourcecode\gmf\mediaffplugin\debug\mediaffplugin.tlog\cl.command.1.tlog
e:\sourcecode\gmf\mediaffplugin\debug\mediaffplugin.tlog\cl.read.1.tlog
e:\sourcecode\gmf\mediaffplugin\debug\mediaffplugin.tlog\cl.write.1.tlog
e:\sourcecode\gmf\mediaffplugin\debug\mediaffplugin.tlog\link.command.1.tlog
e:\sourcecode\gmf\mediaffplugin\debug\mediaffplugin.tlog\link.read.1.tlog
e:\sourcecode\gmf\mediaffplugin\debug\mediaffplugin.tlog\link.write.1.tlog
e:\sourcecode\gmf\mediaffplugin\debug\mediaffplugin.tlog\mediaffplugin.write.1u.tlog
