e:\sourcecode\gmf\mediabaseplugin\debug\mediabaseplugin.pdb
e:\sourcecode\gmf\mediabaseplugin\debug\mediabaseplugin.idb
e:\sourcecode\gmf\mediabaseplugin\debug\audioframebuffer.obj
e:\sourcecode\gmf\mediabaseplugin\debug\baseplugin.obj
e:\sourcecode\gmf\mediabaseplugin\debug\d3dvideorender.obj
e:\sourcecode\gmf\mediabaseplugin\debug\dsoundrender.obj
e:\sourcecode\gmf\mediabaseplugin\debug\dupstreamfilter.obj
e:\sourcecode\gmf\mediabaseplugin\debug\filesink.obj
e:\sourcecode\gmf\mediabaseplugin\debug\filesrc.obj
e:\sourcecode\gmf\mediabaseplugin\debug\gdivideocapture.obj
e:\sourcecode\gmf\mediabaseplugin\debug\micphonecapture.obj
e:\sourcecode\gmf\mediabaseplugin\debug\speakercapture.obj
e:\sourcecode\gmf\debug\mediabaseplugin.lib
e:\sourcecode\gmf\debug\mediabaseplugin.pdb
e:\sourcecode\gmf\mediabaseplugin\debug\mediabaseplugin.tlog\cl.command.1.tlog
e:\sourcecode\gmf\mediabaseplugin\debug\mediabaseplugin.tlog\cl.read.1.tlog
e:\sourcecode\gmf\mediabaseplugin\debug\mediabaseplugin.tlog\cl.write.1.tlog
e:\sourcecode\gmf\mediabaseplugin\debug\mediabaseplugin.tlog\lib-link.read.1.tlog
e:\sourcecode\gmf\mediabaseplugin\debug\mediabaseplugin.tlog\lib-link.write.1.tlog
e:\sourcecode\gmf\mediabaseplugin\debug\mediabaseplugin.tlog\lib.command.1.tlog
