e:\sourcecode\gmf\mediacore\debug\vc140.pdb
e:\sourcecode\gmf\mediacore\debug\vc140.idb
e:\sourcecode\gmf\mediacore\debug\audiocodec.obj
e:\sourcecode\gmf\mediacore\debug\media.obj
e:\sourcecode\gmf\mediacore\debug\mediabasefilter.obj
e:\sourcecode\gmf\mediacore\debug\mediabasesink.obj
e:\sourcecode\gmf\mediacore\debug\mediabasesrc.obj
e:\sourcecode\gmf\mediacore\debug\mediabin.obj
e:\sourcecode\gmf\mediacore\debug\mediabuffer.obj
e:\sourcecode\gmf\mediacore\debug\mediabus.obj
e:\sourcecode\gmf\mediacore\debug\mediapipeline.obj
e:\sourcecode\gmf\mediacore\debug\messagebus.obj
e:\sourcecode\gmf\mediacore\debug\mediaelement.obj
e:\sourcecode\gmf\mediacore\debug\mediaport.obj
e:\sourcecode\gmf\mediacore\debug\mirrorport.obj
e:\sourcecode\gmf\mediacore\debug\plugin.obj
e:\sourcecode\gmf\mediacore\debug\pluginmanager.obj
e:\sourcecode\gmf\mediacore\debug\gmf_player.obj
e:\sourcecode\gmf\mediacore\debug\videocodec.obj
e:\sourcecode\gmf\mediacore\debug\videorender.obj
e:\sourcecode\gmf\mediacore\debug\gmf_player_wrapper_csharp_wrap.obj
e:\sourcecode\gmf\debug\mediacore.ilk
e:\sourcecode\gmf\debug\mediacore.dll
e:\sourcecode\gmf\debug\mediacore.pdb
e:\sourcecode\gmf\debug\mediacore.lib
e:\sourcecode\gmf\debug\mediacore.exp
e:\sourcecode\gmf\mediacore\debug\mediacore.tlog\cl.command.1.tlog
e:\sourcecode\gmf\mediacore\debug\mediacore.tlog\cl.read.1.tlog
e:\sourcecode\gmf\mediacore\debug\mediacore.tlog\cl.write.1.tlog
e:\sourcecode\gmf\mediacore\debug\mediacore.tlog\link.command.1.tlog
e:\sourcecode\gmf\mediacore\debug\mediacore.tlog\link.read.1.tlog
e:\sourcecode\gmf\mediacore\debug\mediacore.tlog\link.write.1.tlog
e:\sourcecode\gmf\mediacore\debug\mediacore.tlog\mediacore.write.1u.tlog
