e:\sourcecode\gmf\rtspplayer\debug\rtspplayer.pch
e:\sourcecode\gmf\rtspplayer\debug\vc140.pdb
e:\sourcecode\gmf\rtspplayer\debug\vc140.idb
e:\sourcecode\gmf\rtspplayer\debug\stdafx.obj
e:\sourcecode\gmf\rtspplayer\debug\mediaplayer.obj
e:\sourcecode\gmf\rtspplayer\debug\rtspplayer.obj
e:\sourcecode\gmf\rtspplayer\debug\rtspplayerdlg.obj
e:\sourcecode\gmf\debug\rtspplayer.ilk
e:\sourcecode\gmf\debug\rtspplayer.exe
e:\sourcecode\gmf\debug\rtspplayer.pdb
e:\sourcecode\gmf\rtspplayer\debug\rtspplayer.res
e:\sourcecode\gmf\rtspplayer\debug\rtspplayer.tlog\cl.command.1.tlog
e:\sourcecode\gmf\rtspplayer\debug\rtspplayer.tlog\cl.read.1.tlog
e:\sourcecode\gmf\rtspplayer\debug\rtspplayer.tlog\cl.write.1.tlog
e:\sourcecode\gmf\rtspplayer\debug\rtspplayer.tlog\link.command.1.tlog
e:\sourcecode\gmf\rtspplayer\debug\rtspplayer.tlog\link.read.1.tlog
e:\sourcecode\gmf\rtspplayer\debug\rtspplayer.tlog\link.write.1.tlog
e:\sourcecode\gmf\rtspplayer\debug\rtspplayer.tlog\rc.command.1.tlog
e:\sourcecode\gmf\rtspplayer\debug\rtspplayer.tlog\rc.read.1.tlog
e:\sourcecode\gmf\rtspplayer\debug\rtspplayer.tlog\rc.write.1.tlog
